MPASM  5.06                         32KHZ.ASM   6-11-2007  17:14:46         PAGE  1


LOC  OBJECT CODE     LINE SOURCE TEXT
  VALUE

                      00001 ;****************************
                      00002 ;*
                      00003 ;*     Oscillator
                      00004 ;*
                      00005 ;*     Version 1.0
                      00006 ;*
                      00007 ;*     Written by:  William G. Grimm
                      00008 ;*
                      00009 ;*
                      00010 ;*     by      Avorex Design, Microchip Consultant's number 904-218
                      00011 ;*             12811 Bluhill Road
                      00012 ;*             Silver Spring, Md. 20906
                      00013 ;*
                      00014 ;*             zdiode@avorex.com
                      00015 ;*             www.avorex.com
                      00016 ;*
                      00017 ;*
                      00018 ;*     Description:  This is firware is used to just run the 
                      00019 ;*             processor as a 32 Khz clock, nothing more.
                      00020 ;*
                      00021 ;*     Processor:   Microchip PIC12C508A
                      00022 ;*
                      00023 ;*     Frequency:   $ MHz internal clock
                      00024 ;*
                      00025 ;*     Last Changed:  May 29, 2007 
                      00026 ;*
                      00027 ;*
                      00028 ;*     1.0     First release
                      00029 ;*
                      00030 ;*
                      00031 ;****************************
                      00032 ;
                      00033 ;****************************
                      00034 ; Configuration fuses, See page 37
                      00035 ;
                      00036 #include        "p12C508A.inc"
                      00001         LIST
                      00002 ; P12C508A.INC  Standard Header File, Version 1.00    Microchip Technology, Inc.
                      00114         LIST
0FFF   0FEE           00037         __config _MCLRE_OFF & _CP_OFF & _WDT_ON & _IntRC_OSC
                      00038                               ; Internal RC oscillator, watchdog timer on,
                      00039                               ; and code protect on.
                      00040 
                      00041 
                      00042 
                      00043 ;****************************
                      00044 ; Assembler Switches
                      00045 ;****************************
                      00046 ;
                      00047 ;#define SIM                   ; adjustment for simulation
                      00048 ;
                      00049 ;****************************
                      00050 ; Assembler controls
MPASM  5.06                         32KHZ.ASM   6-11-2007  17:14:46         PAGE  2


LOC  OBJECT CODE     LINE SOURCE TEXT
  VALUE

                      00051 ;****************************
                      00052      ERRORLEVEL -305          ; eliminate nuisance messages
                      00053      ERRORLEVEL -224          ; do not flag the TRIS and OPTION instructions
                      00054      ERRORLEVEL -306          ; eliminate nuisance messages
                      00055 ;
                      00056 ;****************************
                      00057 ; Memory
                      00058 ;****************************
                      00059 #define count 7
                      00060 ;****************************
                      00061 ;*     Reset Vector
                      00062 ;****************************
0000                  00063      ORG      0
0000   0025           00064      movwf    OSCCAL
0001   0AFD           00065      goto     Start
                      00066 ;
                      00067 ;                             leave space for modifying code
                      00068 ;
00F8                  00069      org      0xf8
00F8                  00070 Wait:
00F8   0000           00071      nop                     ; for fine tuning
00F9   0000           00072      nop                     ; for fine tuning
00FA                  00073 WaitLoop:
00FA   02E7           00074      decfsz   count,f
00FB   0AFA           00075      goto     WaitLoop
00FC   0800           00076      retlw    0
                      00077 ;
00FD                  00078 Start:
00FD   0CBA           00079      movlw    0xba            ; 32:1 WDT on, TMR0 disabled, Pullups on
00FE   0002           00080      option
00FF   0C38           00081      movlw    0x38
0100   0006           00082      tris     GPIO
0101                  00083 Loop:
0101   0CFE           00084      movlw    0xfe            ; Place output ins one state
0102   0026           00085      movwf    GPIO            ; Pin 7 low pin 6 high
0103   0C02           00086      movlw    2
0104   0027           00087      movwf    count
0105   09F8           00088      call     Wait
0106   0CFD           00089      movlw    0xfd            ; Place output ins one state
0107   0026           00090      movwf    GPIO            ; Pin 7 high pin 6 low
0108   0C02           00091      movlw    2
0109   0027           00092      movwf    count
010A   09F8           00093      call     Wait
010B   0CFE           00094      movlw    0xfe            ; Place output ins one state
010C   0026           00095      movwf    GPIO            ; Pin 7 low pin 6 high
010D   0C02           00096      movlw    2
010E   0027           00097      movwf    count
010F   09F8           00098      call     Wait
0110   0CFD           00099      movlw    0xfd            ; Place output ins one state
0111   0026           00100      movwf    GPIO            ; Pin 7 high pin 6 low
0112   0C02           00101      movlw    2
0113   0027           00102      movwf    count
0114   0000           00103      nop
MPASM  5.06                         32KHZ.ASM   6-11-2007  17:14:46         PAGE  3


LOC  OBJECT CODE     LINE SOURCE TEXT
  VALUE

0115   09FA           00104      call     WaitLoop
0116   0B01           00105      goto     Loop
                      00106 
                      00107          end
MPASM  5.06                         32KHZ.ASM   6-11-2007  17:14:46         PAGE  4


SYMBOL TABLE
  LABEL                             VALUE 

C                                 00000000
CAL0                              00000002
CAL1                              00000003
CAL2                              00000004
CAL3                              00000005
CAL4                              00000006
CAL5                              00000007
DC                                00000001
F                                 00000001
FSR                               00000004
GPIO                              00000006
GPWUF                             00000007
INDF                              00000000
Loop                              00000101
NOT_GPPU                          00000006
NOT_GPWU                          00000007
NOT_PD                            00000003
NOT_TO                            00000004
OSCCAL                            00000005
OSCFST                            00000003
OSCSLW                            00000002
PA0                               00000005
PCL                               00000002
PS0                               00000000
PS1                               00000001
PS2                               00000002
PSA                               00000003
STATUS                            00000003
Start                             000000FD
T0CS                              00000005
T0SE                              00000004
TMR0                              00000001
W                                 00000000
Wait                              000000F8
WaitLoop                          000000FA
Z                                 00000002
_CP_OFF                           00000FFF
_CP_ON                            00000FF7
_ExtRC_OSC                        00000FFF
_IntRC_OSC                        00000FFE
_LP_OSC                           00000FFC
_MCLRE_OFF                        00000FEF
_MCLRE_ON                         00000FFF
_WDT_OFF                          00000FFB
_WDT_ON                           00000FFF
_XT_OSC                           00000FFD
__12C508A                         00000001
count                             7
MPASM  5.06                         32KHZ.ASM   6-11-2007  17:14:46         PAGE  5


MEMORY USAGE MAP ('X' = Used,  '-' = Unused)


0000 : XX-------------- ---------------- ---------------- ----------------
00C0 : ---------------- ---------------- ---------------- --------XXXXXXXX
0100 : XXXXXXXXXXXXXXXX XXXXXXX--------- ---------------- ----------------
0FC0 : ---------------- ---------------- ---------------- ---------------X

All other memory blocks unused.

Program Memory Words Used:    33
Program Memory Words Free:   479


Errors   :     0
Warnings :     0 reported,     0 suppressed
Messages :     0 reported,     0 suppressed

